<?xml version="1.0" encoding="UTF-8"?>
<testng-results ignored="0" total="1" passed="1" failed="0" skipped="0">
  <reporter-output>
  </reporter-output>
  <suite started-at="2023-08-26T22:05:35 CLT" name="Default suite" finished-at="2023-08-26T22:05:46 CLT" duration-ms="10544">
    <groups>
    </groups>
    <test started-at="2023-08-26T22:05:35 CLT" name="Default test" finished-at="2023-08-26T22:05:46 CLT" duration-ms="10544">
      <class name="com.Pruebas.Test.SeleniumTest">
        <test-method is-config="true" signature="beforeTest()[pri:0, instance:com.Pruebas.Test.SeleniumTest@4b2bac3f]" started-at="2023-08-26T22:05:35 CLT" name="beforeTest" finished-at="2023-08-26T22:05:45 CLT" duration-ms="9599" status="PASS">
          <reporter-output>
          </reporter-output>
        </test-method> <!-- beforeTest -->
        <test-method signature="f()[pri:0, instance:com.Pruebas.Test.SeleniumTest@4b2bac3f]" started-at="2023-08-26T22:05:45 CLT" name="f" finished-at="2023-08-26T22:05:46 CLT" duration-ms="743" status="PASS">
          <reporter-output>
          </reporter-output>
        </test-method> <!-- f -->
        <test-method is-config="true" signature="afterTest()[pri:0, instance:com.Pruebas.Test.SeleniumTest@4b2bac3f]" started-at="2023-08-26T22:05:46 CLT" name="afterTest" finished-at="2023-08-26T22:05:46 CLT" duration-ms="181" status="PASS">
          <reporter-output>
          </reporter-output>
        </test-method> <!-- afterTest -->
      </class> <!-- com.Pruebas.Test.SeleniumTest -->
    </test> <!-- Default test -->
  </suite> <!-- Default suite -->
</testng-results>
